<?xml version="1.0" encoding="UTF-8"?>
<!-- Generated by org.testng.reporters.JUnitXMLReporter -->
<testsuite ignored="0" hostname="Temps-MBP.linuxuniverse" failures="0" tests="5" name="Default test" time="9.964" errors="0" timestamp="2021-08-02T00:24:58 MDT">
  <testcase classname="testNG.webUiHomePage" name="checkBodyElement" time="0.044"/>
  <testcase classname="testNG.webUiHomePage" name="checkFooterElement" time="0.03"/>
  <testcase classname="testNG.webUiHomePage" name="checkHeaderElement" time="0.024"/>
  <testcase classname="testNG.webUiHomePage" name="checkLogoElement" time="0.025"/>
  <testcase classname="testNG.webUiHomePage" name="checkPageLoginFlow" time="5.032"/>
</testsuite> <!-- Default test -->
