<?xml version="1.0" encoding="UTF-8"?>
<testng-results ignored="0" total="1" passed="1" failed="0" skipped="0">
  <reporter-output>
  </reporter-output>
  <suite started-at="2021-08-02T09:31:40 MDT" name="Default suite" finished-at="2021-08-02T09:31:41 MDT" duration-ms="648">
    <groups>
    </groups>
    <test started-at="2021-08-02T09:31:40 MDT" name="Default test" finished-at="2021-08-02T09:31:41 MDT" duration-ms="648">
      <class name="testNG.testApiAf">
        <test-method signature="checkResponse()[pri:0, instance:testNG.testApiAf@43bc63a3]" started-at="2021-08-02T09:31:40 MDT" name="checkResponse" finished-at="2021-08-02T09:31:41 MDT" duration-ms="624" status="PASS">
          <reporter-output>
          </reporter-output>
        </test-method> <!-- checkResponse -->
      </class> <!-- testNG.testApiAf -->
    </test> <!-- Default test -->
  </suite> <!-- Default suite -->
</testng-results>
