<?xml version="1.0" encoding="UTF-8"?>
<testng-results ignored="0" total="5" passed="5" failed="0" skipped="0">
  <reporter-output>
  </reporter-output>
  <suite started-at="2021-08-02T00:24:48 MDT" name="Default suite" finished-at="2021-08-02T00:24:58 MDT" duration-ms="9964">
    <groups>
    </groups>
    <test started-at="2021-08-02T00:24:48 MDT" name="Default test" finished-at="2021-08-02T00:24:58 MDT" duration-ms="9964">
      <class name="testNG.webUiHomePage">
        <test-method is-config="true" signature="beforeMethod()[pri:0, instance:testNG.webUiHomePage@12ed9db6]" started-at="2021-08-02T00:24:48 MDT" name="beforeMethod" finished-at="2021-08-02T00:24:51 MDT" duration-ms="2410" status="PASS">
          <reporter-output>
          </reporter-output>
        </test-method> <!-- beforeMethod -->
        <test-method signature="checkBodyElement()[pri:0, instance:testNG.webUiHomePage@12ed9db6]" started-at="2021-08-02T00:24:51 MDT" name="checkBodyElement" finished-at="2021-08-02T00:24:51 MDT" duration-ms="44" status="PASS">
          <reporter-output>
          </reporter-output>
        </test-method> <!-- checkBodyElement -->
        <test-method is-config="true" signature="beforeMethod()[pri:0, instance:testNG.webUiHomePage@12ed9db6]" started-at="2021-08-02T00:24:51 MDT" name="beforeMethod" finished-at="2021-08-02T00:24:52 MDT" duration-ms="870" status="PASS">
          <reporter-output>
          </reporter-output>
        </test-method> <!-- beforeMethod -->
        <test-method signature="checkFooterElement()[pri:0, instance:testNG.webUiHomePage@12ed9db6]" started-at="2021-08-02T00:24:52 MDT" name="checkFooterElement" finished-at="2021-08-02T00:24:52 MDT" duration-ms="30" status="PASS">
          <reporter-output>
          </reporter-output>
        </test-method> <!-- checkFooterElement -->
        <test-method is-config="true" signature="beforeMethod()[pri:0, instance:testNG.webUiHomePage@12ed9db6]" started-at="2021-08-02T00:24:52 MDT" name="beforeMethod" finished-at="2021-08-02T00:24:52 MDT" duration-ms="608" status="PASS">
          <reporter-output>
          </reporter-output>
        </test-method> <!-- beforeMethod -->
        <test-method signature="checkHeaderElement()[pri:0, instance:testNG.webUiHomePage@12ed9db6]" started-at="2021-08-02T00:24:52 MDT" name="checkHeaderElement" finished-at="2021-08-02T00:24:52 MDT" duration-ms="24" status="PASS">
          <reporter-output>
          </reporter-output>
        </test-method> <!-- checkHeaderElement -->
        <test-method is-config="true" signature="beforeMethod()[pri:0, instance:testNG.webUiHomePage@12ed9db6]" started-at="2021-08-02T00:24:52 MDT" name="beforeMethod" finished-at="2021-08-02T00:24:53 MDT" duration-ms="391" status="PASS">
          <reporter-output>
          </reporter-output>
        </test-method> <!-- beforeMethod -->
        <test-method signature="checkLogoElement()[pri:0, instance:testNG.webUiHomePage@12ed9db6]" started-at="2021-08-02T00:24:53 MDT" name="checkLogoElement" finished-at="2021-08-02T00:24:53 MDT" duration-ms="25" status="PASS">
          <reporter-output>
          </reporter-output>
        </test-method> <!-- checkLogoElement -->
        <test-method is-config="true" signature="beforeMethod()[pri:0, instance:testNG.webUiHomePage@12ed9db6]" started-at="2021-08-02T00:24:53 MDT" name="beforeMethod" finished-at="2021-08-02T00:24:53 MDT" duration-ms="374" status="PASS">
          <reporter-output>
          </reporter-output>
        </test-method> <!-- beforeMethod -->
        <test-method signature="checkPageLoginFlow()[pri:0, instance:testNG.webUiHomePage@12ed9db6]" started-at="2021-08-02T00:24:53 MDT" name="checkPageLoginFlow" finished-at="2021-08-02T00:24:58 MDT" duration-ms="5032" status="PASS">
          <reporter-output>
          </reporter-output>
        </test-method> <!-- checkPageLoginFlow -->
        <test-method is-config="true" signature="afterMethod()[pri:0, instance:testNG.webUiHomePage@12ed9db6]" started-at="2021-08-02T00:24:58 MDT" name="afterMethod" finished-at="2021-08-02T00:24:58 MDT" duration-ms="127" status="PASS">
          <reporter-output>
          </reporter-output>
        </test-method> <!-- afterMethod -->
      </class> <!-- testNG.webUiHomePage -->
    </test> <!-- Default test -->
  </suite> <!-- Default suite -->
</testng-results>
